
/home/runner/work/exp-heat-exchanger-iitkgp/exp-heat-exchanger-iitkgp/experiment/simulation/js/jquery/jquery-3.3.1.js
     18:44  warning  'module' is not defined                                                    no-undef
     21:3   warning  'module' is not defined                                                    no-undef
    112:11  warning  'Symbol' is already defined as a built-in global variable                  no-redeclare
    641:15  warning  Unexpected control character(s) in regular expression: \x1f, \x1f          no-control-regex
    696:39  warning  Empty block statement                                                      no-empty
    820:27  warning  Empty block statement                                                      no-empty
   1488:15  warning  Empty block statement                                                      no-empty
   1887:28  warning  Do not access Object.prototype method 'hasOwnProperty' from target object  no-prototype-builtins
   2794:2   warning  Unnecessary semicolon                                                      no-extra-semi
   2795:31  warning  Unnecessary escape character: \/                                           no-useless-escape
   3096:55  warning  Empty block statement                                                      no-empty
   4197:18  warning  Empty block statement                                                      no-empty
   4659:28  warning  Unnecessary escape character: \/                                           no-useless-escape
   4866:18  warning  Empty block statement                                                      no-empty
   5583:75  warning  Unnecessary escape character: \/                                           no-useless-escape
   5975:19  warning  Empty block statement                                                      no-empty
   9047:22  warning  'urlAnchor.href' is assigned to itself                                     no-self-assign
   9448:16  warning  Empty block statement                                                      no-empty
  10311:38  warning  'define' is not defined                                                    no-undef
  10312:2   warning  'define' is not defined                                                    no-undef

/home/runner/work/exp-heat-exchanger-iitkgp/exp-heat-exchanger-iitkgp/experiment/simulation/js/jquery/jquery-3.3.1.min.js
  2:71     warning  'module' is not defined                                                    no-undef
  2:86     warning  'module' is not defined                                                    no-undef
  2:863    warning  'b' is assigned a value but never used                                     no-unused-vars
  2:3050   warning  'r' is assigned a value but never used                                     no-unused-vars
  2:5376   warning  Unexpected control character(s) in regular expression: \x1f, \x1f          no-control-regex
  2:5847   warning  Expected a conditional expression and instead saw an assignment            no-cond-assign
  2:6101   warning  Expected a conditional expression and instead saw an assignment            no-cond-assign
  2:6532   warning  Expected a conditional expression and instead saw an assignment            no-cond-assign
  2:6758   warning  Empty block statement                                                      no-empty
  2:7320   warning  Expected a conditional expression and instead saw an assignment            no-cond-assign
  2:9378   warning  Expected a conditional expression and instead saw an assignment            no-cond-assign
  2:9688   warning  Expected a conditional expression and instead saw an assignment            no-cond-assign
  2:11489  warning  Expected a conditional expression and instead saw an assignment            no-cond-assign
  2:12064  warning  Expected a conditional expression and instead saw an assignment            no-cond-assign
  2:12102  warning  Expected a conditional expression and instead saw an assignment            no-cond-assign
  2:12520  warning  Empty block statement                                                      no-empty
  2:13134  warning  Expected a conditional expression and instead saw an assignment            no-cond-assign
  2:13446  warning  Expected a conditional expression and instead saw an assignment            no-cond-assign
  2:15271  warning  Expected a conditional expression and instead saw an assignment            no-cond-assign
  2:15542  warning  Expected a conditional expression and instead saw an assignment            no-cond-assign
  2:15740  warning  Expected a conditional expression and instead saw an assignment            no-cond-assign
  2:16114  warning  Do not access Object.prototype method 'hasOwnProperty' from target object  no-prototype-builtins
  2:16815  warning  Expected a conditional expression and instead saw an assignment            no-cond-assign
  2:19155  warning  Expected a conditional expression and instead saw an assignment            no-cond-assign
  2:19255  warning  Expected a conditional expression and instead saw an assignment            no-cond-assign
  2:19315  warning  Expected a conditional expression and instead saw an assignment            no-cond-assign
  2:20674  warning  Expected a conditional expression and instead saw an assignment            no-cond-assign
  2:21288  warning  Expected a conditional expression and instead saw an assignment            no-cond-assign
  2:21399  warning  Expected a conditional expression and instead saw an assignment            no-cond-assign
  2:23719  warning  Unnecessary escape character: \/                                           no-useless-escape
  2:33344  warning  Empty block statement                                                      no-empty
  2:37050  warning  Unnecessary escape character: \/                                           no-useless-escape
  2:38265  warning  Expected a conditional expression and instead saw an assignment            no-cond-assign
  2:38405  warning  Expected a conditional expression and instead saw an assignment            no-cond-assign
  2:39039  warning  Empty block statement                                                      no-empty
  2:45778  warning  Unnecessary escape character: \/                                           no-useless-escape
  2:48087  warning  Expected a conditional expression and instead saw an assignment            no-cond-assign
  2:49647  warning  Empty block statement                                                      no-empty
  2:57298  warning  Expected a conditional expression and instead saw an assignment            no-cond-assign
  2:59847  warning  Expected a conditional expression and instead saw an assignment            no-cond-assign
  2:64132  warning  Expected a conditional expression and instead saw an assignment            no-cond-assign
  2:65877  warning  Expected a conditional expression and instead saw an assignment            no-cond-assign
  2:65943  warning  Expected a conditional expression and instead saw an assignment            no-cond-assign
  2:66247  warning  Expected a conditional expression and instead saw an assignment            no-cond-assign
  2:66313  warning  Expected a conditional expression and instead saw an assignment            no-cond-assign
  2:66720  warning  Expected a conditional expression and instead saw an assignment            no-cond-assign
  2:66997  warning  Expected a conditional expression and instead saw an assignment            no-cond-assign
  2:72432  warning  Expected a conditional expression and instead saw an assignment            no-cond-assign
  2:74924  warning  Expected a conditional expression and instead saw an assignment            no-cond-assign
  2:75645  warning  'l.href' is assigned to itself                                             no-self-assign
  2:79204  warning  Empty block statement                                                      no-empty
  2:83243  warning  Expected a conditional expression and instead saw an assignment            no-cond-assign
  2:83243  warning  'l' is assigned a value but never used                                     no-unused-vars
  2:86651  warning  'define' is not defined                                                    no-undef
  2:86663  warning  'define' is not defined                                                    no-undef

/home/runner/work/exp-heat-exchanger-iitkgp/exp-heat-exchanger-iitkgp/experiment/simulation/js/jquery/jquery.flot-0.8.3.js
     9:1004  warning  Expected a conditional expression and instead saw an assignment  no-cond-assign
     9:1157  warning  Expected a conditional expression and instead saw an assignment  no-cond-assign
     9:1358  warning  Expected a conditional expression and instead saw an assignment  no-cond-assign
     9:1392  warning  Unnecessary escape character: \%                                 no-useless-escape
     9:1422  warning  Unnecessary escape character: \%                                 no-useless-escape
     9:1452  warning  Unnecessary escape character: \%                                 no-useless-escape
     9:1556  warning  Expected a conditional expression and instead saw an assignment  no-cond-assign
     9:1591  warning  Unnecessary escape character: \%                                 no-useless-escape
     9:1621  warning  Unnecessary escape character: \%                                 no-useless-escape
     9:1651  warning  Unnecessary escape character: \%                                 no-useless-escape
     9:1802  warning  Expected a conditional expression and instead saw an assignment  no-cond-assign
     9:1941  warning  Expected a conditional expression and instead saw an assignment  no-cond-assign
     9:3127  warning  'jQuery' is not defined                                          no-undef
   146:35    warning  Expected a conditional expression and instead saw an assignment  no-cond-assign
   304:29    warning  Expected a conditional expression and instead saw an assignment  no-cond-assign
   341:35    warning  Expected a conditional expression and instead saw an assignment  no-cond-assign
   350:8     warning  'positions' is already defined                                   no-redeclare
   351:13    warning  'i' is already defined                                           no-redeclare
   351:20    warning  'position' is already defined                                    no-redeclare
   351:30    warning  Expected a conditional expression and instead saw an assignment  no-cond-assign
   506:27    warning  'i' is defined but never used                                    no-unused-vars
   546:8     warning  Mixed spaces and tabs                                            no-mixed-spaces-and-tabs
   547:8     warning  Mixed spaces and tabs                                            no-mixed-spaces-and-tabs
   593:12    warning  Mixed spaces and tabs                                            no-mixed-spaces-and-tabs
   918:29    warning  'length' is defined but never used                               no-unused-vars
   919:32    warning  'x' is defined but never used                                    no-unused-vars
   919:35    warning  'y' is defined but never used                                    no-unused-vars
   919:38    warning  'axis' is defined but never used                                 no-unused-vars
  1353:17    warning  'axis' is defined but never used                                 no-unused-vars
  1401:22    warning  'a' is already defined                                           no-redeclare
  2143:28    warning  'top' is defined but never used                                  no-unused-vars
  2149:24    warning  Unexpected constant condition                                    no-constant-condition
  2566:16    warning  Mixed spaces and tabs                                            no-mixed-spaces-and-tabs
  2579:22    warning  'i' is already defined                                           no-redeclare
  2650:30    warning  'foundPoint' is assigned a value but never used                  no-unused-vars
  2718:29    warning  'x' is already defined                                           no-redeclare
  2718:44    warning  'y' is already defined                                           no-redeclare
  2756:50    warning  's' is defined but never used                                    no-unused-vars
  2986:4     warning  'jQuery' is not defined                                          no-undef

/home/runner/work/exp-heat-exchanger-iitkgp/exp-heat-exchanger-iitkgp/experiment/simulation/js/jquery/jquery.flot.axislabels-20141122.js
   58:13  warning  'textWidth' is assigned a value but never used         no-unused-vars
   59:13  warning  'textHeight' is assigned a value but never used        no-unused-vars
  193:17  warning  'rotation' is assigned a value but never used          no-unused-vars
  313:17  warning  'axisOffsetCounts' is assigned a value but never used  no-unused-vars
  316:50  warning  'ctx' is defined but never used                        no-unused-vars
  344:67  warning  Unnecessary escape character: \.                       no-useless-escape
  346:33  warning  'rv' is not defined                                    no-undef
  348:33  warning  'rv' is not defined                                    no-undef
  414:4   warning  'jQuery' is not defined                                no-undef

/home/runner/work/exp-heat-exchanger-iitkgp/exp-heat-exchanger-iitkgp/experiment/simulation/js/jquery/jquery.flot.min-0.8.3.js
  7:1004   warning  Expected a conditional expression and instead saw an assignment  no-cond-assign
  7:1157   warning  Expected a conditional expression and instead saw an assignment  no-cond-assign
  7:1358   warning  Expected a conditional expression and instead saw an assignment  no-cond-assign
  7:1392   warning  Unnecessary escape character: \%                                 no-useless-escape
  7:1422   warning  Unnecessary escape character: \%                                 no-useless-escape
  7:1452   warning  Unnecessary escape character: \%                                 no-useless-escape
  7:1556   warning  Expected a conditional expression and instead saw an assignment  no-cond-assign
  7:1591   warning  Unnecessary escape character: \%                                 no-useless-escape
  7:1621   warning  Unnecessary escape character: \%                                 no-useless-escape
  7:1651   warning  Unnecessary escape character: \%                                 no-useless-escape
  7:1802   warning  Expected a conditional expression and instead saw an assignment  no-cond-assign
  7:1941   warning  Expected a conditional expression and instead saw an assignment  no-cond-assign
  7:3127   warning  'jQuery' is not defined                                          no-undef
  7:5410   warning  Expected a conditional expression and instead saw an assignment  no-cond-assign
  7:7376   warning  Expected a conditional expression and instead saw an assignment  no-cond-assign
  7:8056   warning  Expected a conditional expression and instead saw an assignment  no-cond-assign
  7:8120   warning  'positions' is already defined                                   no-redeclare
  7:8188   warning  'i' is already defined                                           no-redeclare
  7:8192   warning  'position' is already defined                                    no-redeclare
  7:8201   warning  Expected a conditional expression and instead saw an assignment  no-cond-assign
  7:10423  warning  'i' is defined but never used                                    no-unused-vars
  7:17951  warning  'length' is defined but never used                               no-unused-vars
  7:17970  warning  'x' is defined but never used                                    no-unused-vars
  7:17972  warning  'y' is defined but never used                                    no-unused-vars
  7:17974  warning  'axis' is defined but never used                                 no-unused-vars
  7:24667  warning  'axis' is defined but never used                                 no-unused-vars
  7:25751  warning  'a' is already defined                                           no-redeclare
  8:6106   warning  'top' is defined but never used                                  no-unused-vars
  8:6166   warning  Unexpected constant condition                                    no-constant-condition
  8:13079  warning  'i' is already defined                                           no-redeclare
  8:14878  warning  'foundPoint' is assigned a value but never used                  no-unused-vars
  8:15839  warning  'x' is already defined                                           no-redeclare
  8:15851  warning  'y' is already defined                                           no-redeclare
  8:16492  warning  's' is defined but never used                                    no-unused-vars
  8:20784  warning  'jQuery' is not defined                                          no-undef

/home/runner/work/exp-heat-exchanger-iitkgp/exp-heat-exchanger-iitkgp/experiment/simulation/js/process_controller.js
   18:19  warning  'processUnits' is not defined                   no-undef
   19:7   warning  'processUnits' is not defined                   no-undef
   23:5   warning  'plotInfo' is not defined                       no-undef
   25:5   warning  'plotter' is not defined                        no-undef
   26:5   warning  'interfacer' is not defined                     no-undef
   27:5   warning  'simParams' is not defined                      no-undef
   34:9   warning  'startMs' is assigned a value but never used    no-unused-vars
   38:25  warning  'simParams' is not defined                      no-undef
   43:9   warning  'currentMs' is assigned a value but never used  no-unused-vars
   59:15  warning  'processUnits' is not defined                   no-undef
   60:7   warning  'processUnits' is not defined                   no-undef
   64:15  warning  'processUnits' is not defined                   no-undef
   65:9   warning  'processUnits' is not defined                   no-undef
   82:19  warning  'processUnits' is not defined                   no-undef
   83:7   warning  'processUnits' is not defined                   no-undef
   86:19  warning  'plotInfo' is not defined                       no-undef
   87:19  warning  'plotInfo' is not defined                       no-undef
   90:9   warning  'plotter' is not defined                        no-undef
   91:13  warning  'simParams' is not defined                      no-undef
   95:13  warning  'plotter' is not defined                        no-undef
  100:20  warning  'plotter' is not defined                        no-undef
  101:9   warning  'plotter' is not defined                        no-undef
  102:14  warning  Empty block statement                           no-empty
  123:47  warning  'simParams' is not defined                      no-undef
  123:71  warning  'simParams' is not defined                      no-undef
  135:19  warning  'plotInfo' is not defined                       no-undef
  136:11  warning  'plotInfo' is not defined                       no-undef
  137:20  warning  'plotInfo' is not defined                       no-undef
  137:46  warning  'plotInfo' is not defined                       no-undef
  149:15  warning  'processUnits' is not defined                   no-undef
  150:11  warning  'processUnits' is not defined                   no-undef
  151:19  warning  'processUnits' is not defined                   no-undef
  162:17  warning  'processUnits' is not defined                   no-undef
  163:21  warning  'processUnits' is not defined                   no-undef
  187:20  warning  Empty block statement                           no-empty
  197:12  warning  Empty block statement                           no-empty

/home/runner/work/exp-heat-exchanger-iitkgp/exp-heat-exchanger-iitkgp/experiment/simulation/js/process_interfacer.js
   13:7   warning  'controller' is not defined                          no-undef
   15:11  warning  'simParams' is not defined                           no-undef
   19:36  warning  'controller' is not defined                          no-undef
   19:61  warning  'simParams' is not defined                           no-undef
   22:9   warning  'controller' is not defined                          no-undef
   25:7   warning  'simParams' is not defined                           no-undef
   38:5   warning  'controller' is not defined                          no-undef
   40:19  warning  'processUnits' is not defined                        no-undef
   41:7   warning  'processUnits' is not defined                        no-undef
   43:5   warning  'controller' is not defined                          no-undef
   44:5   warning  'controller' is not defined                          no-undef
   59:22  warning  'processUnits' is not defined                        no-undef
   60:22  warning  'processUnits' is not defined                        no-undef
   61:18  warning  'processUnits' is not defined                        no-undef
   62:18  warning  'processUnits' is not defined                        no-undef
   66:9   warning  'processUnits' is not defined                        no-undef
   68:11  warning  'processUnits' is not defined                        no-undef
   99:19  warning  'processUnits' is not defined                        no-undef
  100:7   warning  'processUnits' is not defined                        no-undef
  113:7   warning  'processUnits' is not defined                        no-undef
  114:14  warning  'processUnits' is not defined                        no-undef
  115:14  warning  'processUnits' is not defined                        no-undef
  136:21  warning  'processUnits' is not defined                        no-undef
  168:19  warning  'processUnits' is not defined                        no-undef
  169:9   warning  'inputFieldName' is assigned a value but never used  no-unused-vars
  184:42  warning  'processUnits' is not defined                        no-undef
  190:9   warning  'processUnits' is not defined                        no-undef
  192:9   warning  'processUnits' is not defined                        no-undef
  201:9   warning  'simParams' is not defined                           no-undef
  215:9   warning  'numUnits' is defined but never used                 no-unused-vars
  222:19  warning  'plotInfo' is not defined                            no-undef
  224:31  warning  'simParams' is not defined                           no-undef
  228:23  warning  'controller' is not defined                          no-undef
  230:9   warning  'simParams' is not defined                           no-undef
  231:20  warning  'simParams' is not defined                           no-undef
  236:9   warning  'simParams' is not defined                           no-undef
  246:15  warning  'processUnits' is not defined                        no-undef
  247:23  warning  'processUnits' is not defined                        no-undef
  248:16  warning  'processUnits' is not defined                        no-undef
  250:13  warning  'processUnits' is not defined                        no-undef
  252:15  warning  'processUnits' is not defined                        no-undef
  254:17  warning  'processUnits' is not defined                        no-undef
  256:26  warning  'processUnits' is not defined                        no-undef
  258:42  warning  'processUnits' is not defined                        no-undef
  260:25  warning  'processUnits' is not defined                        no-undef
  263:40  warning  'processUnits' is not defined                        no-undef
  265:23  warning  'processUnits' is not defined                        no-undef
  269:24  warning  'processUnits' is not defined                        no-undef
  271:40  warning  'processUnits' is not defined                        no-undef
  273:23  warning  'processUnits' is not defined                        no-undef
  277:24  warning  'processUnits' is not defined                        no-undef
  279:40  warning  'processUnits' is not defined                        no-undef
  281:23  warning  'processUnits' is not defined                        no-undef
  287:22  warning  'plotInfo' is not defined                            no-undef
  292:20  warning  'plotInfo' is not defined                            no-undef
  298:16  warning  'plotInfo' is not defined                            no-undef
  301:18  warning  'plotInfo' is not defined                            no-undef
  304:22  warning  'plotInfo' is not defined                            no-undef
  306:27  warning  'plotInfo' is not defined                            no-undef
  315:22  warning  'plotInfo' is not defined                            no-undef
  316:24  warning  'processUnits' is not defined                        no-undef
  320:20  warning  'plotInfo' is not defined                            no-undef
  321:24  warning  'plotInfo' is not defined                            no-undef
  322:28  warning  'processUnits' is not defined                        no-undef
  325:24  warning  'plotInfo' is not defined                            no-undef
  326:28  warning  'plotInfo' is not defined                            no-undef
  327:32  warning  'processUnits' is not defined                        no-undef
  333:22  warning  'plotInfo' is not defined                            no-undef
  335:24  warning  'processUnits' is not defined                        no-undef
  336:17  warning  'processUnits' is not defined                        no-undef
  344:13  warning  'processUnits' is not defined                        no-undef
  345:20  warning  'processUnits' is not defined                        no-undef
  346:24  warning  'processUnits' is not defined                        no-undef
  359:18  warning  'processUnits' is not defined                        no-undef
  362:15  warning  'processUnits' is not defined                        no-undef
  363:32  warning  'processUnits' is not defined                        no-undef
  414:24  warning  Empty block statement                                no-empty

/home/runner/work/exp-heat-exchanger-iitkgp/exp-heat-exchanger-iitkgp/experiment/simulation/js/process_plot_info.js
  16:38  warning  'processUnits' is not defined  no-undef
  26:38  warning  'processUnits' is not defined  no-undef
  27:38  warning  'processUnits' is not defined  no-undef
  50:44  warning  'processUnits' is not defined  no-undef
  60:44  warning  'processUnits' is not defined  no-undef
  74:36  warning  'processUnits' is not defined  no-undef
  76:37  warning  'processUnits' is not defined  no-undef
  77:37  warning  'processUnits' is not defined  no-undef
  89:36  warning  'processUnits' is not defined  no-undef
  91:37  warning  'processUnits' is not defined  no-undef
  92:37  warning  'processUnits' is not defined  no-undef

/home/runner/work/exp-heat-exchanger-iitkgp/exp-heat-exchanger-iitkgp/experiment/simulation/js/process_plotter_flot.js
    3:5   warning  'plotter' is assigned a value but never used    no-unused-vars
   16:16  warning  'p' is assigned a value but never used          no-unused-vars
   16:21  warning  'plotInfo' is not defined                       no-undef
   33:22  warning  'plotInfo' is not defined                       no-undef
   40:20  warning  'plotInfo' is not defined                       no-undef
   45:7   warning  'varUnitIndex' is not defined                   no-undef
   45:22  warning  'plotInfo' is not defined                       no-undef
   46:20  warning  'processUnits' is not defined                   no-undef
   46:33  warning  'varUnitIndex' is not defined                   no-undef
   56:7   warning  'varUnitIndex' is not defined                   no-undef
   56:22  warning  'plotInfo' is not defined                       no-undef
   61:12  warning  'plotInfo' is not defined                       no-undef
   64:13  warning  'plotInfo' is not defined                       no-undef
   66:24  warning  'processUnits' is not defined                   no-undef
   66:37  warning  'varUnitIndex' is not defined                   no-undef
   68:33  warning  'processUnits' is not defined                   no-undef
   68:46  warning  'varUnitIndex' is not defined                   no-undef
   69:33  warning  'processUnits' is not defined                   no-undef
   69:46  warning  'varUnitIndex' is not defined                   no-undef
   71:20  warning  'plotInfo' is not defined                       no-undef
   73:24  warning  'processUnits' is not defined                   no-undef
   73:37  warning  'varUnitIndex' is not defined                   no-undef
   75:33  warning  'processUnits' is not defined                   no-undef
   75:46  warning  'varUnitIndex' is not defined                   no-undef
   76:33  warning  'processUnits' is not defined                   no-undef
   76:46  warning  'varUnitIndex' is not defined                   no-undef
   78:20  warning  'plotInfo' is not defined                       no-undef
   80:18  warning  'simParams' is not defined                      no-undef
   81:18  warning  'simParams' is not defined                      no-undef
   83:24  warning  'processUnits' is not defined                   no-undef
   83:37  warning  'varUnitIndex' is not defined                   no-undef
   85:33  warning  'processUnits' is not defined                   no-undef
   85:46  warning  'varUnitIndex' is not defined                   no-undef
   86:33  warning  'processUnits' is not defined                   no-undef
   86:46  warning  'varUnitIndex' is not defined                   no-undef
   93:13  warning  'plotInfo' is not defined                       no-undef
   94:25  warning  'processUnits' is not defined                   no-undef
   94:38  warning  'varUnitIndex' is not defined                   no-undef
   95:20  warning  'plotInfo' is not defined                       no-undef
   96:25  warning  'processUnits' is not defined                   no-undef
   96:38  warning  'varUnitIndex' is not defined                   no-undef
   97:20  warning  'plotInfo' is not defined                       no-undef
   99:18  warning  'simParams' is not defined                      no-undef
  100:18  warning  'simParams' is not defined                      no-undef
  102:24  warning  'processUnits' is not defined                   no-undef
  102:37  warning  'varUnitIndex' is not defined                   no-undef
  104:33  warning  'processUnits' is not defined                   no-undef
  104:46  warning  'varUnitIndex' is not defined                   no-undef
  105:33  warning  'processUnits' is not defined                   no-undef
  105:46  warning  'varUnitIndex' is not defined                   no-undef
  116:12  warning  'plotInfo' is not defined                       no-undef
  133:20  warning  'plotInfo' is not defined                       no-undef
  137:9   warning  'v' is assigned a value but never used          no-unused-vars
  143:2   warning  Mixed spaces and tabs                           no-mixed-spaces-and-tabs
  144:18  warning  'plotInfo' is not defined                       no-undef
  145:18  warning  'plotInfo' is not defined                       no-undef
  146:19  warning  'plotInfo' is not defined                       no-undef
  151:28  warning  'plotInfo' is not defined                       no-undef
  155:9   warning  'numToShow' is assigned a value but never used  no-unused-vars
  166:40  warning  Empty block statement                           no-empty
  170:24  warning  'plotInfo' is not defined                       no-undef
  170:53  warning  'plotInfo' is not defined                       no-undef
  179:17  warning  'plotInfo' is not defined                       no-undef
  180:18  warning  'plotInfo' is not defined                       no-undef
  181:15  warning  'plotInfo' is not defined                       no-undef
  182:16  warning  'plotInfo' is not defined                       no-undef
  183:22  warning  'plotInfo' is not defined                       no-undef
  184:20  warning  'plotInfo' is not defined                       no-undef
  185:20  warning  'plotInfo' is not defined                       no-undef
  186:23  warning  'plotInfo' is not defined                       no-undef
  187:21  warning  'plotInfo' is not defined                       no-undef
  188:21  warning  'plotInfo' is not defined                       no-undef
  189:30  warning  'plotInfo' is not defined                       no-undef
  190:26  warning  'plotInfo' is not defined                       no-undef
  191:27  warning  'plotInfo' is not defined                       no-undef
  192:32  warning  'plotInfo' is not defined                       no-undef
  196:16  warning  'plotInfo' is not defined                       no-undef
  198:24  warning  'plotInfo' is not defined                       no-undef
  200:16  warning  'plotInfo' is not defined                       no-undef
  203:23  warning  'plotInfo' is not defined                       no-undef
  225:9   warning  'plotInfo' is not defined                       no-undef
  236:41  warning  '$' is not defined                              no-undef
  236:48  warning  '$' is not defined                              no-undef
  266:20  warning  'plotInfo' is not defined                       no-undef
  271:24  warning  'plotInfo' is not defined                       no-undef
  273:13  warning  'plotInfo' is not defined                       no-undef
  275:27  warning  'processUnits' is not defined                   no-undef
  293:22  warning  'plotInfo' is not defined                       no-undef
  294:23  warning  'plotInfo' is not defined                       no-undef
  298:21  warning  'plotInfo' is not defined                       no-undef
  299:21  warning  'plotInfo' is not defined                       no-undef
  305:13  warning  'plotInfo' is not defined                       no-undef
  317:9   warning  'tColor' is not defined                         no-undef
  318:29  warning  'tColor' is not defined                         no-undef
  319:13  warning  'plotInfo' is not defined                       no-undef
  406:20  warning  'plotInfo' is not defined                       no-undef
  411:24  warning  'plotInfo' is not defined                       no-undef
  413:13  warning  'plotInfo' is not defined                       no-undef
  416:27  warning  'processUnits' is not defined                   no-undef
  434:22  warning  'plotInfo' is not defined                       no-undef
  435:23  warning  'plotInfo' is not defined                       no-undef
  439:21  warning  'plotInfo' is not defined                       no-undef
  440:21  warning  'plotInfo' is not defined                       no-undef
  443:10  warning  'i' is not defined                              no-undef
  443:15  warning  'i' is not defined                              no-undef
  443:37  warning  'i' is not defined                              no-undef
  444:21  warning  'i' is not defined                              no-undef
  445:21  warning  'i' is not defined                              no-undef
  454:11  warning  'plotInfo' is not defined                       no-undef
  466:7   warning  'tColor' is not defined                         no-undef
  467:27  warning  'tColor' is not defined                         no-undef
  468:11  warning  'plotInfo' is not defined                       no-undef

/home/runner/work/exp-heat-exchanger-iitkgp/exp-heat-exchanger-iitkgp/experiment/simulation/js/process_sim_params.js
   2:5   warning  'simParams' is assigned a value but never used  no-unused-vars
  22:5   warning  '$' is not defined                              no-undef
  24:18  warning  'data' is defined but never used                no-unused-vars

/home/runner/work/exp-heat-exchanger-iitkgp/exp-heat-exchanger-iitkgp/experiment/simulation/js/process_units.js
  4:19  warning  'puCoCounterHeatExchanger' is not defined  no-undef
  7:1   warning  'puCoCounterHeatExchanger' is not defined  no-undef

/home/runner/work/exp-heat-exchanger-iitkgp/exp-heat-exchanger-iitkgp/experiment/simulation/js/puCoCounterHeatExchanger.js
    3:5   warning  'puCoCounterHeatExchanger' is assigned a value but never used  no-unused-vars
   48:18  warning  'simParams' is not defined                                     no-undef
  156:10  warning  'k' is not defined                                             no-undef
  156:17  warning  'k' is not defined                                             no-undef
  156:37  warning  'k' is not defined                                             no-undef
  157:17  warning  'k' is not defined                                             no-undef
  158:20  warning  'k' is not defined                                             no-undef
  159:18  warning  'k' is not defined                                             no-undef
  160:21  warning  'k' is not defined                                             no-undef
  163:24  warning  'plotter' is not defined                                       no-undef
  165:28  warning  'plotter' is not defined                                       no-undef
  168:10  warning  'k' is not defined                                             no-undef
  168:15  warning  'k' is not defined                                             no-undef
  168:33  warning  'k' is not defined                                             no-undef
  169:12  warning  'k' is not defined                                             no-undef
  171:27  warning  'k' is not defined                                             no-undef
  172:27  warning  'k' is not defined                                             no-undef
  174:27  warning  'k' is not defined                                             no-undef
  175:27  warning  'k' is not defined                                             no-undef
  182:5   warning  'controller' is not defined                                    no-undef
  205:40  warning  'interfacer' is not defined                                    no-undef
  206:41  warning  'interfacer' is not defined                                    no-undef
  207:41  warning  'interfacer' is not defined                                    no-undef
  208:42  warning  'interfacer' is not defined                                    no-undef
  209:39  warning  'interfacer' is not defined                                    no-undef
  210:40  warning  'interfacer' is not defined                                    no-undef
  211:39  warning  'interfacer' is not defined                                    no-undef
  212:38  warning  'interfacer' is not defined                                    no-undef
  213:38  warning  'interfacer' is not defined                                    no-undef
  244:39  warning  'simParams' is not defined                                     no-undef
  248:25  warning  'simParams' is not defined                                     no-undef
  253:25  warning  'simParams' is not defined                                     no-undef
  399:15  warning  This number literal will lose precision at runtime             no-loss-of-precision
  400:15  warning  This number literal will lose precision at runtime             no-loss-of-precision
  401:15  warning  This number literal will lose precision at runtime             no-loss-of-precision
  402:15  warning  This number literal will lose precision at runtime             no-loss-of-precision

✖ 435 problems (0 errors, 435 warnings)
  0 errors and 1 warning potentially fixable with the `--fix` option.

